<?xml version="1.0" encoding="UTF-8"?>
<!-- Generated by org.testng.reporters.JUnitReportReporter -->
<testsuite skipped="0" hostname="srijaytechLAP-1" name="com.test.DataDrivenConceptUsingTestNG" tests="2" failures="0" timestamp="2019-11-21T17:53:35 IST" time="63.655" errors="0">
  <testcase name="halfEbayRegistration" time="29.518" classname="com.test.DataDrivenConceptUsingTestNG"/>
  <testcase name="halfEbayRegistration" time="34.137" classname="com.test.DataDrivenConceptUsingTestNG"/>
</testsuite> <!-- com.test.DataDrivenConceptUsingTestNG -->
